
******************** running reportree.py ********************

version 2.6.0 last updated on 2025-10-22

/app/ReporTree/reportree.py -m /data/profiles_for_reportree/s_aureus/metadata.tsv.watched_1_2025-11-03_2025-11-03 -a /data/profiles_for_reportree/s_aureus/cgmlst.profile.watched_1_2025-11-03_2025-11-03 --columns_summary_report Region,n_Region -out /data/clusters/s_aureus/watched_1_2025-11-03 --analysis grapetree --method MSTreeV2 -thr 10
start: 2025-11-03 14:31:50.809132

Profiles file provided -> will run partitioning_grapetree.py:


-------------------- partitioning_grapetree.py --------------------

version 1.6.0 last updated on 2025-10-21 

/app/ReporTree/scripts/partitioning_grapetree.py -a /data/profiles_for_reportree/s_aureus/cgmlst.profile.watched_1_2025-11-03_2025-11-03 -o /data/clusters/s_aureus/watched_1_2025-11-03 --method MSTreeV2 --missing 0 --n_proc 5 -thr 10 -d 1.0 --site-inclusion 0.0 -pct_thr none --loci-called 0.0 --missing-code 0 -l none 

start: 2025-11-03 14:31:51.076861
Cleaning the profile matrix using a threshold of >0.0 alleles/positions called...
	From the 6 samples, 6 were kept in the profile matrix.
Getting the pairwise distance matrix with cgmlst-dists (if your profile matrix is too big, this will be done in chunks of 2000 alleles/positions)...
Running GrapeTree...
/usr/local/bin/python3 /app/ReporTree/scripts/GrapeTree/grapetree.py -p /data/clusters/s_aureus/watched_1_2025-11-03_flt_samples_matrix.tsv -m MSTreeV2 -o /data/clusters/s_aureus/watched_1_2025-11-03 --missing 0 --n_proc 5

Processing clustering threshold...
Getting redundant sample information...
Defining clusters...
	Calculating clustering in range 10 11 with a distance of 1.0
Creating cluster composition file...
Creating sample partitions file...

partitioning_grapetree.py is done!

End: 2025-11-03 14:31:53.578167
Time elapsed: 0:00:02.501306

-------------------- metadata_report.py --------------------

version 1.4.0 last updated on 2025-10-22 

/app/ReporTree/scripts/metadata_report.py -m /data/profiles_for_reportree/s_aureus/metadata.tsv.watched_1_2025-11-03_2025-11-03 -p /data/clusters/s_aureus/watched_1_2025-11-03_partitions.tsv -o /data/clusters/s_aureus/watched_1_2025-11-03 --columns_summary_report Region,n_Region --partitions2report all --metadata2report none -f  --frequency-matrix no --count-matrix no 

Getting information from the partitions table: /data/clusters/s_aureus/watched_1_2025-11-03_partitions.tsv
Getting metadata information...
		Samples present in partitions table but missing in metadata table: 
		Samples not present in partitions table but present in metadata table: 
Getting summary stats for the variables specified at '--partitions2report'...
Getting summary stats for the variables specified at '--metadata2report'...
metadata_report.py is done!

------------------------------------------------------------

ReporTree is done! If you found any issue please contact us!!


End: 2025-11-03 14:31:53.918836
Time elapsed: 0:00:03.109704
