Failed to query server: Failed to activate service 'org.freedesktop.timedate1': timed out (service_start_timeout=25000ms)
Warning: program compiled against libxml 213 using older 209
Warning message:
In system("timedatectl", intern = TRUE) :
  running command 'timedatectl' had status 1
â„¹ï¸ TZ not set - defaulting to UTC
ðŸ“¤ Output folder: intermediate_files/profiles_for_reportree/s_aureus 
ðŸ“ profile: intermediate_files/profiles_for_reportree/s_aureus/cgmlst.profile.s_aureus_run_2025-11-03_2025-11-03 
ðŸ“ metadata: intermediate_files/profiles_for_reportree/s_aureus/metadata.tsv.s_aureus_run_2025-11-03_2025-11-03 
ðŸ”Ž Processed file: jasen_out/s_aureus/20_145_result.json -> jasenid=20_145_result
   âœ… Extracted 1861 allele calls (showing up to 10): SACOL0001, SACOL0002, SACOL0003, SACOL0004, SACOL0005, SACOL0006, SACOL0007, SACOL0009, SACOL0010, SACOL0011
ðŸ”Ž Processed file: jasen_out/s_aureus/20_146_result.json -> jasenid=20_146_result
   âœ… Extracted 1861 allele calls (showing up to 10): SACOL0001, SACOL0002, SACOL0003, SACOL0004, SACOL0005, SACOL0006, SACOL0007, SACOL0009, SACOL0010, SACOL0011
ðŸ”Ž Processed file: jasen_out/s_aureus/20_147_result.json -> jasenid=20_147_result
   âœ… Extracted 1861 allele calls (showing up to 10): SACOL0001, SACOL0002, SACOL0003, SACOL0004, SACOL0005, SACOL0006, SACOL0007, SACOL0009, SACOL0010, SACOL0011
ðŸ”Ž Processed file: jasen_out/s_aureus/20_148_result.json -> jasenid=20_148_result
   âœ… Extracted 1861 allele calls (showing up to 10): SACOL0001, SACOL0002, SACOL0003, SACOL0004, SACOL0005, SACOL0006, SACOL0007, SACOL0009, SACOL0010, SACOL0011
ðŸ”Ž Processed file: jasen_out/s_aureus/20_149_result.json -> jasenid=20_149_result
   âœ… Extracted 1861 allele calls (showing up to 10): SACOL0001, SACOL0002, SACOL0003, SACOL0004, SACOL0005, SACOL0006, SACOL0007, SACOL0009, SACOL0010, SACOL0011
ðŸ”Ž Processed file: jasen_out/s_aureus/20_150_result.json -> jasenid=20_150_result
   âœ… Extracted 1861 allele calls (showing up to 10): SACOL0001, SACOL0002, SACOL0003, SACOL0004, SACOL0005, SACOL0006, SACOL0007, SACOL0009, SACOL0010, SACOL0011
âœ… cgMLST profile written:
 - intermediate_files/profiles_for_reportree/s_aureus/cgmlst.profile.s_aureus_run_2025-11-03_2025-11-03 
âœ… Fake metadata written:
 - intermediate_files/profiles_for_reportree/s_aureus/metadata.tsv.s_aureus_run_2025-11-03_2025-11-03 
ðŸŽ‰ Done processing update: s_aureus_run 
